<?xml version="1.0" encoding="UTF-8"?>
<!-- Generated by org.testng.reporters.JUnitXMLReporter -->
<testsuite ignored="0" hostname="QT-INBG-LT0173" failures="0" tests="6" name="Twittertest" time="13.841" errors="0" timestamp="2021-04-06T11:26:36 IST">
  <testcase classname="tests.First" name="APITest" time="7.319"/>
  <testcase classname="tests.Second" name="APITest1" time="0.983"/>
  <testcase classname="tests.Second" name="APITest1" time="0.844"/>
  <testcase classname="tests.Second" name="APITest1" time="0.83"/>
  <testcase classname="tests.Twitter" name="deleteTweet" time="3.207"/>
  <testcase classname="tests.Twitter" name="getTweet" time="0.538"/>
</testsuite> <!-- Twittertest -->
